<?xml version="1.0" encoding="UTF-8"?>
<!-- Generated by org.testng.reporters.JUnitReportReporter -->
<testsuite skipped="0" hostname="DESKTOP-KC0KVNL" name="TestNGLoginTest" tests="1" failures="0" timestamp="2021-01-20T20:19:50 IST" time="13.875" errors="0">
  <testcase name="Login" time="13.875" classname="TestNGLoginTest"/>
  <system-out/>
</testsuite> <!-- TestNGLoginTest -->
