<?xml version="1.0" encoding="UTF-8"?>
<!-- Generated by org.testng.reporters.JUnitReportReporter -->
<testsuite skipped="0" hostname="DESKTOP-KC0KVNL" name="TestNGLoginTest" tests="1" failures="0" timestamp="2020-12-01T22:25:17 IST" time="9.643" errors="0">
  <testcase name="Login" time="9.643" classname="TestNGLoginTest"/>
  <system-out/>
</testsuite> <!-- TestNGLoginTest -->
